<?xml version="1.0" encoding="UTF-8"?>
<!-- Generated by org.testng.reporters.JUnitReportReporter -->
<testsuite hostname="DESKTOP-C55JKVO" failures="0" tests="1" name="com.inetbanking.testcases.TC_LoginTest_001" time="12.489" errors="0" timestamp="2022-02-13T23:02:26 IST" skipped="0">
  <testcase classname="com.inetbanking.testcases.TC_LoginTest_001" name="logintest" time="12.489"/>
  <system-out/>
</testsuite> <!-- com.inetbanking.testcases.TC_LoginTest_001 -->
